
         /\      Grafana   /‾‾/  
    /\  /  \     |\  __   /  /   
   /  \/    \    | |/ /  /   ‾‾\ 
  /          \   |   (  |  (‾)  |
 / __________ \  |_|\_\  \_____/ 


     execution: local
        script: /home/runner/work/outsera-automacao-testes-performance/outsera-automacao-testes-performance/src/testes/smoke.test.js
        output: json (/home/runner/work/outsera-automacao-testes-performance/outsera-automacao-testes-performance/reports/2026-03-05_04-24-18_smoke/resultado.json)

     scenarios: (100.00%) 1 scenario, 1 max VUs, 1m0s max duration (incl. graceful stop):
              * default: 1 looping VUs for 30s (gracefulStop: 30s)


running (0m01.0s), 1/1 VUs, 0 complete and 0 interrupted iterations
default   [   3% ] 1 VUs  01.0s/30s

running (0m02.0s), 1/1 VUs, 0 complete and 0 interrupted iterations
default   [   7% ] 1 VUs  02.0s/30s

running (0m03.0s), 1/1 VUs, 0 complete and 0 interrupted iterations
default   [  10% ] 1 VUs  03.0s/30s

running (0m04.0s), 1/1 VUs, 1 complete and 0 interrupted iterations
default   [  13% ] 1 VUs  04.0s/30s

running (0m05.0s), 1/1 VUs, 1 complete and 0 interrupted iterations
default   [  17% ] 1 VUs  05.0s/30s

running (0m06.0s), 1/1 VUs, 1 complete and 0 interrupted iterations
default   [  20% ] 1 VUs  06.0s/30s

running (0m07.0s), 1/1 VUs, 2 complete and 0 interrupted iterations
default   [  23% ] 1 VUs  07.0s/30s

running (0m08.0s), 1/1 VUs, 2 complete and 0 interrupted iterations
default   [  27% ] 1 VUs  08.0s/30s

running (0m09.0s), 1/1 VUs, 2 complete and 0 interrupted iterations
default   [  30% ] 1 VUs  09.0s/30s

running (0m10.0s), 1/1 VUs, 3 complete and 0 interrupted iterations
default   [  33% ] 1 VUs  10.0s/30s

running (0m11.0s), 1/1 VUs, 3 complete and 0 interrupted iterations
default   [  37% ] 1 VUs  11.0s/30s

running (0m12.0s), 1/1 VUs, 3 complete and 0 interrupted iterations
default   [  40% ] 1 VUs  12.0s/30s

running (0m13.0s), 1/1 VUs, 4 complete and 0 interrupted iterations
default   [  43% ] 1 VUs  13.0s/30s

running (0m14.0s), 1/1 VUs, 4 complete and 0 interrupted iterations
default   [  47% ] 1 VUs  14.0s/30s

running (0m15.0s), 1/1 VUs, 4 complete and 0 interrupted iterations
default   [  50% ] 1 VUs  15.0s/30s

running (0m16.0s), 1/1 VUs, 5 complete and 0 interrupted iterations
default   [  53% ] 1 VUs  16.0s/30s

running (0m17.0s), 1/1 VUs, 5 complete and 0 interrupted iterations
default   [  57% ] 1 VUs  17.0s/30s

running (0m18.0s), 1/1 VUs, 5 complete and 0 interrupted iterations
default   [  60% ] 1 VUs  18.0s/30s

running (0m19.0s), 1/1 VUs, 6 complete and 0 interrupted iterations
default   [  63% ] 1 VUs  19.0s/30s

running (0m20.0s), 1/1 VUs, 6 complete and 0 interrupted iterations
default   [  67% ] 1 VUs  20.0s/30s

running (0m21.0s), 1/1 VUs, 6 complete and 0 interrupted iterations
default   [  70% ] 1 VUs  21.0s/30s

running (0m22.0s), 1/1 VUs, 7 complete and 0 interrupted iterations
default   [  73% ] 1 VUs  22.0s/30s

running (0m23.0s), 1/1 VUs, 7 complete and 0 interrupted iterations
default   [  77% ] 1 VUs  23.0s/30s

running (0m24.0s), 1/1 VUs, 7 complete and 0 interrupted iterations
default   [  80% ] 1 VUs  24.0s/30s

running (0m25.0s), 1/1 VUs, 8 complete and 0 interrupted iterations
default   [  83% ] 1 VUs  25.0s/30s

running (0m26.0s), 1/1 VUs, 8 complete and 0 interrupted iterations
default   [  87% ] 1 VUs  26.0s/30s

running (0m27.0s), 1/1 VUs, 8 complete and 0 interrupted iterations
default   [  90% ] 1 VUs  27.0s/30s

running (0m28.0s), 1/1 VUs, 9 complete and 0 interrupted iterations
default   [  93% ] 1 VUs  28.0s/30s

running (0m29.0s), 1/1 VUs, 9 complete and 0 interrupted iterations
default   [  97% ] 1 VUs  29.0s/30s

running (0m30.0s), 1/1 VUs, 9 complete and 0 interrupted iterations
default   [ 100% ] 1 VUs  30.0s/30s

  ✓ Relatório HTML gerado em: reports/relatorio_smoke_*.html

  ── Resumo do Teste ──────────────────────────────────
  Cenário:                       smoke
  Total de requisições:          30
  RPS médio:                     0.99/s
  VUs no pico:                   1

  ── Latência (http_req_duration) ─────────────────────
  avg:                           11.61ms
  p(50):                         10.90ms
  p(90):                         14.61ms
  p(95):                         15.51ms
  p(99):                         18.26ms
  max:                           19.20ms

  ── Erros ────────────────────────────────────────────
  http_req_failed:               0.00%
  ─────────────────────────────────────────────────────

running (0m30.4s), 0/1 VUs, 10 complete and 0 interrupted iterations
default ✓ [ 100% ] 1 VUs  30s
